app/seeds.txt
dev.gmarques.compras.data.model.Product$Validator
dev.gmarques.compras.data.model.LastAccess
dev.gmarques.compras.ui.main.MainActivityViewModel
dev.gmarques.compras.ui.add_edit_category.AddEditCategoryActivity
dev.gmarques.compras.ui.products.ProductsActivityViewModel
dev.gmarques.compras.data.model.Establishment$Validator$Companion
dev.gmarques.compras.ui.login.LoginActivity
dev.gmarques.compras.domain.model.SelectableProduct
dev.gmarques.compras.data.model.Product$Companion
dev.gmarques.compras.data.model.Category$Validator$Companion
dev.gmarques.compras.data.model.Establishment$Validator
dev.gmarques.compras.data.model.Establishment
dev.gmarques.compras.ui.suggest_products.SuggestProductsActivityViewModel
dev.gmarques.compras.data.model.Category$Validator
dev.gmarques.compras.ui.add_edit_establishment.AddEditEstablishmentActivityViewModel
dev.gmarques.compras.data.model.Category$Companion
dev.gmarques.compras.ui.add_edit_product.AddEditProductActivity
dev.gmarques.compras.ui.profile.ProfileActivityViewModel
dev.gmarques.compras.data.model.ShopList$Validator
dev.gmarques.compras.ui.add_edit_category.AddEditCategoryActivityViewModel
dev.gmarques.compras.domain.model.ProductWithCategory
dev.gmarques.compras.data.model.DatabaseVersion
dev.gmarques.compras.data.model.SyncAccount
dev.gmarques.compras.ui.main.MainActivity
dev.gmarques.compras.DataBinderMapperImpl
dev.gmarques.compras.domain.model.PriceHistory
dev.gmarques.compras.ui.categories.CategoriesActivity
dev.gmarques.compras.App
dev.gmarques.compras.ui.add_edit_shop_list.AddEditShopListActivityViewModel
dev.gmarques.compras.ui.sync_stopped.SyncStoppedActivity
dev.gmarques.compras.data.model.Category
dev.gmarques.compras.ui.stablishments.EstablishmentsActivity
dev.gmarques.compras.ui.add_edit_establishment.AddEditEstablishmentActivity
dev.gmarques.compras.ui.splash.SplashActivity
dev.gmarques.compras.data.model.Product
dev.gmarques.compras.data.model.Establishment$Companion
dev.gmarques.compras.data.model.ShopList$Companion
dev.gmarques.compras.data.model.ShopList$Validator$Companion
dev.gmarques.compras.ui.suggest_products.SuggestProductsActivity
dev.gmarques.compras.ui.products.ProductsActivity
dev.gmarques.compras.ui.categories.ActivityCategoriesViewModel
dev.gmarques.compras.data.model.Product$Validator$Companion
dev.gmarques.compras.ui.add_edit_shop_list.AddEditShopListActivity
dev.gmarques.compras.data.model.ShopList
dev.gmarques.compras.ui.stablishments.ActivityEstablishmentsViewModel
dev.gmarques.compras.ui.add_edit_product.AddEditProductActivityViewModel
dev.gmarques.compras.domain.model.CategoryWithProductsStats
dev.gmarques.compras.ui.profile.ProfileActivity
dev.gmarques.compras.data.model.Product: long creationDate
dev.gmarques.compras.data.model.Establishment$Validator: int EMPTY_COLOR
dev.gmarques.compras.data.model.Establishment$Validator: int COLOR_LENGTH_THRESHOLD
dev.gmarques.compras.data.model.Product: java.lang.String createdBy
dev.gmarques.compras.data.model.Product: dev.gmarques.compras.data.model.Product$Companion Companion
dev.gmarques.compras.data.model.Category$Validator: int COLOR_LENGTH_THRESHOLD
dev.gmarques.compras.data.model.Product$Validator: int MIN_QUANTITY
dev.gmarques.compras.data.model.ShopList$Validator: int MIN_CHARS
dev.gmarques.compras.data.model.DatabaseVersion: int databaseVersion
dev.gmarques.compras.data.model.Product$Validator: double MIN_PRICE
dev.gmarques.compras.data.model.Establishment: int position
dev.gmarques.compras.data.model.Category$Validator: int MAX_CHARS
dev.gmarques.compras.data.model.Product: boolean hasBeenBought
dev.gmarques.compras.domain.model.PriceHistory: double price
dev.gmarques.compras.data.model.Category: java.lang.String updatedBy
dev.gmarques.compras.domain.model.SelectableProduct: int quantity
dev.gmarques.compras.domain.model.SelectableProduct: boolean isSelected
dev.gmarques.compras.data.model.Category: boolean removed
dev.gmarques.compras.data.model.Product: java.lang.String id
...
com.google.android.gms.internal.firebase-auth-api.zzql$zza: java.lang.Integer zzc
com.google.android.recaptcha.internal.zzmg: byte zzm
com.google.android.gms.auth.api.identity.BeginSignInRequest$PasswordRequestOptions$Builder: boolean zba
com.google.android.gms.internal.measurement.zzng: com.google.android.gms.internal.measurement.zzng zzf
com.google.android.gms.internal.firebase-auth-api.zzahx: java.util.List zza
com.google.android.gms.internal.auth.zzhp: com.google.android.gms.internal.auth.zzhp zzc
com.google.android.recaptcha.internal.zzkg: java.lang.Character zzb
com.google.android.gms.fido.fido2.api.common.zzq: android.os.Parcelable$Creator CREATOR
com.google.android.gms.internal.firebase-auth-api.zzfy$zza: com.google.android.gms.internal.firebase-auth-api.zzfy$zza zzc
com.google.android.gms.internal.measurement.zzgf$zzj$zza: com.google.android.gms.internal.measurement.zzgf$zzj$zza zzb
com.google.android.recaptcha.internal.zzkd: java.lang.String zze
com.google.android.gms.internal.measurement.zzkb: com.google.android.gms.internal.measurement.zzkb zzan
com.google.android.gms.auth.api.phone.SmsCodeRetriever: java.lang.String EXTRA_SMS_CODE
com.google.android.gms.internal.auth-api.zbab: com.google.android.gms.auth.api.identity.SavePasswordRequest zbb
com.google.android.gms.internal.auth.zzby: com.google.android.gms.internal.auth.zzby zzQ
com.google.android.gms.internal.measurement.zzgf$zzo$zzd: int zzg
com.google.android.gms.internal.firebase-auth-api.zzfq: java.lang.Integer zzd
com.google.android.gms.internal.firebase-auth-api.zzajq: com.google.android.gms.internal.firebase-auth-api.zzajo zza
com.google.android.recaptcha.internal.zzbl: com.google.android.recaptcha.internal.zzbl zzh
com.google.firestore.v1.StructuredQuery$CollectionSelector: java.lang.String collectionId_
com.google.android.recaptcha.RecaptchaAction: java.lang.String action
com.google.android.recaptcha.internal.zzqi: com.google.android.recaptcha.internal.zzqi zzd
com.google.android.gms.common.api.internal.zag: com.google.android.gms.common.api.internal.TaskApiCall zaa
com.google.android.gms.internal.measurement.zznr: com.google.android.gms.internal.measurement.zzhx zza
com.google.android.recaptcha.internal.zzfl: com.google.android.recaptcha.internal.zzfl zza
com.google.android.gms.auth.api.R$attr: int drawerLayoutStyle
com.google.android.gms.internal.firebase-auth-api.zzyh: com.google.android.gms.internal.firebase-auth-api.zzmv zza
com.google.android.gms.internal.measurement.zzfw$zzf$zza: com.google.android.gms.internal.measurement.zzfw$zzf$zza zzc
com.google.android.gms.internal.measurement.zznw: com.google.android.gms.internal.measurement.zzhx zzd
com.google.android.gms.internal.measurement.zzkb: com.google.android.gms.internal.measurement.zzkb zzm
com.google.android.gms.internal.measurement.zznw: com.google.android.gms.internal.measurement.zzhx zzbf
com.google.android.gms.internal.fido.zzaq: com.google.android.gms.internal.fido.zzak zzi
com.google.android.gms.internal.fido.zzh: com.google.android.gms.internal.fido.zzhn zzb
com.google.android.gms.internal.firebase-auth-api.zzgn: com.google.android.gms.internal.firebase-auth-api.zzoq zzc
com.google.android.gms.internal.firebase-auth-api.zzabk: com.google.firebase.auth.UserProfileChangeRequest zza
com.google.android.gms.internal.firebase-auth-api.zztk: int zzf
com.google.android.recaptcha.internal.zztu: com.google.android.recaptcha.internal.zztu zzb
com.google.android.gms.internal.firebase-auth-api.zzfa: com.google.android.gms.internal.firebase-auth-api.zzoq zzc
com.google.android.gms.internal.fido.zzdv: java.util.Map zzc
com.google.android.recaptcha.internal.zzlg: int zzl
com.google.android.recaptcha.internal.zzte: com.google.android.recaptcha.internal.zztl zzl
com.google.android.gms.internal.firebase-auth-api.zzwl$zza: int zze
com.google.android.gms.internal.fido.zzer: com.google.android.gms.internal.fido.zzea zze